{"/Users/justinprice/Desktop/USF Code Bootcamp/node_asses/express-jobly/app.js": {"path":"/Users/justinprice/Desktop/USF Code Bootcamp/node_asses/express-jobly/app.js","statementMap":{"0":{"start":{"line":5,"column":16},"end":{"line":5,"column":34}},"1":{"start":{"line":6,"column":13},"end":{"line":6,"column":28}},"2":{"start":{"line":8,"column":26},"end":{"line":8,"column":51}},"3":{"start":{"line":10,"column":28},"end":{"line":10,"column":56}},"4":{"start":{"line":11,"column":19},"end":{"line":11,"column":43}},"5":{"start":{"line":12,"column":24},"end":{"line":12,"column":53}},"6":{"start":{"line":13,"column":20},"end":{"line":13,"column":45}},"7":{"start":{"line":14,"column":19},"end":{"line":14,"column":43}},"8":{"start":{"line":16,"column":15},"end":{"line":16,"column":32}},"9":{"start":{"line":19,"column":12},"end":{"line":19,"column":21}},"10":{"start":{"line":21,"column":0},"end":{"line":21,"column":16}},"11":{"start":{"line":22,"column":0},"end":{"line":22,"column":24}},"12":{"start":{"line":23,"column":0},"end":{"line":23,"column":45}},"13":{"start":{"line":25,"column":0},"end":{"line":25,"column":24}},"14":{"start":{"line":26,"column":0},"end":{"line":26,"column":25}},"15":{"start":{"line":28,"column":0},"end":{"line":28,"column":29}},"16":{"start":{"line":29,"column":0},"end":{"line":29,"column":39}},"17":{"start":{"line":30,"column":0},"end":{"line":30,"column":31}},"18":{"start":{"line":31,"column":0},"end":{"line":31,"column":29}},"19":{"start":{"line":35,"column":0},"end":{"line":37,"column":3}},"20":{"start":{"line":36,"column":2},"end":{"line":36,"column":35}},"21":{"start":{"line":40,"column":0},"end":{"line":48,"column":3}},"22":{"start":{"line":41,"column":2},"end":{"line":41,"column":64}},"23":{"start":{"line":41,"column":39},"end":{"line":41,"column":64}},"24":{"start":{"line":42,"column":17},"end":{"line":42,"column":34}},"25":{"start":{"line":43,"column":18},"end":{"line":43,"column":29}},"26":{"start":{"line":45,"column":2},"end":{"line":47,"column":5}},"27":{"start":{"line":50,"column":0},"end":{"line":50,"column":21}}},"fnMap":{"0":{"name":"(anonymous_0)","decl":{"start":{"line":35,"column":8},"end":{"line":35,"column":9}},"loc":{"start":{"line":35,"column":34},"end":{"line":37,"column":1}},"line":35},"1":{"name":"(anonymous_1)","decl":{"start":{"line":40,"column":8},"end":{"line":40,"column":9}},"loc":{"start":{"line":40,"column":39},"end":{"line":48,"column":1}},"line":40}},"branchMap":{"0":{"loc":{"start":{"line":41,"column":2},"end":{"line":41,"column":64}},"type":"if","locations":[{"start":{"line":41,"column":2},"end":{"line":41,"column":64}},{"start":{},"end":{}}],"line":41},"1":{"loc":{"start":{"line":42,"column":17},"end":{"line":42,"column":34}},"type":"binary-expr","locations":[{"start":{"line":42,"column":17},"end":{"line":42,"column":27}},{"start":{"line":42,"column":31},"end":{"line":42,"column":34}}],"line":42}},"s":{"0":4,"1":4,"2":4,"3":4,"4":4,"5":4,"6":4,"7":4,"8":4,"9":4,"10":4,"11":4,"12":4,"13":4,"14":4,"15":4,"16":4,"17":4,"18":4,"19":4,"20":2,"21":4,"22":8,"23":1,"24":8,"25":8,"26":8,"27":4},"f":{"0":2,"1":8},"b":{"0":[1,7],"1":[8,0]},"_coverageSchema":"1a1c01bbd47fc00a2c39e90264f33305004495a9","hash":"3ab47d056a8887216d650bce34b8652d291d5276"}
,"/Users/justinprice/Desktop/USF Code Bootcamp/node_asses/express-jobly/config.js": {"path":"/Users/justinprice/Desktop/USF Code Bootcamp/node_asses/express-jobly/config.js","statementMap":{"0":{"start":{"line":5,"column":0},"end":{"line":5,"column":27}},"1":{"start":{"line":6,"column":0},"end":{"line":6,"column":18}},"2":{"start":{"line":8,"column":19},"end":{"line":8,"column":57}},"3":{"start":{"line":10,"column":13},"end":{"line":10,"column":38}},"4":{"start":{"line":14,"column":2},"end":{"line":16,"column":44}},"5":{"start":{"line":22,"column":27},"end":{"line":22,"column":67}},"6":{"start":{"line":24,"column":0},"end":{"line":24,"column":35}},"7":{"start":{"line":25,"column":0},"end":{"line":25,"column":46}},"8":{"start":{"line":26,"column":0},"end":{"line":26,"column":45}},"9":{"start":{"line":27,"column":0},"end":{"line":27,"column":61}},"10":{"start":{"line":28,"column":0},"end":{"line":28,"column":50}},"11":{"start":{"line":29,"column":0},"end":{"line":29,"column":19}},"12":{"start":{"line":31,"column":0},"end":{"line":36,"column":2}}},"fnMap":{"0":{"name":"getDatabaseUri","decl":{"start":{"line":13,"column":9},"end":{"line":13,"column":23}},"loc":{"start":{"line":13,"column":26},"end":{"line":17,"column":1}},"line":13}},"branchMap":{"0":{"loc":{"start":{"line":8,"column":19},"end":{"line":8,"column":57}},"type":"binary-expr","locations":[{"start":{"line":8,"column":19},"end":{"line":8,"column":41}},{"start":{"line":8,"column":45},"end":{"line":8,"column":57}}],"line":8},"1":{"loc":{"start":{"line":10,"column":13},"end":{"line":10,"column":38}},"type":"binary-expr","locations":[{"start":{"line":10,"column":13},"end":{"line":10,"column":30}},{"start":{"line":10,"column":34},"end":{"line":10,"column":38}}],"line":10},"2":{"loc":{"start":{"line":14,"column":9},"end":{"line":16,"column":43}},"type":"cond-expr","locations":[{"start":{"line":15,"column":8},"end":{"line":15,"column":20}},{"start":{"line":16,"column":8},"end":{"line":16,"column":43}}],"line":14},"3":{"loc":{"start":{"line":16,"column":8},"end":{"line":16,"column":43}},"type":"binary-expr","locations":[{"start":{"line":16,"column":8},"end":{"line":16,"column":32}},{"start":{"line":16,"column":36},"end":{"line":16,"column":43}}],"line":16},"4":{"loc":{"start":{"line":22,"column":27},"end":{"line":22,"column":67}},"type":"cond-expr","locations":[{"start":{"line":22,"column":61},"end":{"line":22,"column":62}},{"start":{"line":22,"column":65},"end":{"line":22,"column":67}}],"line":22}},"s":{"0":9,"1":9,"2":9,"3":9,"4":18,"5":9,"6":9,"7":9,"8":9,"9":9,"10":9,"11":9,"12":9},"f":{"0":18},"b":{"0":[9,8],"1":[9,8],"2":[15,3],"3":[3,1],"4":[8,1]},"_coverageSchema":"1a1c01bbd47fc00a2c39e90264f33305004495a9","hash":"82f780b1dc711d036d16cb99cc75b507a046962e"}
,"/Users/justinprice/Desktop/USF Code Bootcamp/node_asses/express-jobly/db.js": {"path":"/Users/justinprice/Desktop/USF Code Bootcamp/node_asses/express-jobly/db.js","statementMap":{"0":{"start":{"line":3,"column":19},"end":{"line":3,"column":32}},"1":{"start":{"line":4,"column":27},"end":{"line":4,"column":46}},"2":{"start":{"line":8,"column":0},"end":{"line":19,"column":1}},"3":{"start":{"line":9,"column":2},"end":{"line":14,"column":5}},"4":{"start":{"line":16,"column":2},"end":{"line":18,"column":5}},"5":{"start":{"line":21,"column":0},"end":{"line":21,"column":13}},"6":{"start":{"line":23,"column":0},"end":{"line":23,"column":20}}},"fnMap":{},"branchMap":{"0":{"loc":{"start":{"line":8,"column":0},"end":{"line":19,"column":1}},"type":"if","locations":[{"start":{"line":8,"column":0},"end":{"line":19,"column":1}},{"start":{"line":15,"column":7},"end":{"line":19,"column":1}}],"line":8}},"s":{"0":6,"1":6,"2":6,"3":0,"4":6,"5":6,"6":6},"f":{},"b":{"0":[0,6]},"_coverageSchema":"1a1c01bbd47fc00a2c39e90264f33305004495a9","hash":"943d31a446131756dc03e426e443a02ec8fd1a19"}
,"/Users/justinprice/Desktop/USF Code Bootcamp/node_asses/express-jobly/expressError.js": {"path":"/Users/justinprice/Desktop/USF Code Bootcamp/node_asses/express-jobly/expressError.js","statementMap":{"0":{"start":{"line":9,"column":4},"end":{"line":9,"column":12}},"1":{"start":{"line":10,"column":4},"end":{"line":10,"column":27}},"2":{"start":{"line":11,"column":4},"end":{"line":11,"column":25}},"3":{"start":{"line":19,"column":4},"end":{"line":19,"column":24}},"4":{"start":{"line":27,"column":4},"end":{"line":27,"column":24}},"5":{"start":{"line":35,"column":4},"end":{"line":35,"column":24}},"6":{"start":{"line":43,"column":4},"end":{"line":43,"column":24}},"7":{"start":{"line":47,"column":0},"end":{"line":53,"column":2}}},"fnMap":{"0":{"name":"(anonymous_0)","decl":{"start":{"line":8,"column":2},"end":{"line":8,"column":3}},"loc":{"start":{"line":8,"column":31},"end":{"line":12,"column":3}},"line":8},"1":{"name":"(anonymous_1)","decl":{"start":{"line":18,"column":2},"end":{"line":18,"column":3}},"loc":{"start":{"line":18,"column":37},"end":{"line":20,"column":3}},"line":18},"2":{"name":"(anonymous_2)","decl":{"start":{"line":26,"column":2},"end":{"line":26,"column":3}},"loc":{"start":{"line":26,"column":40},"end":{"line":28,"column":3}},"line":26},"3":{"name":"(anonymous_3)","decl":{"start":{"line":34,"column":2},"end":{"line":34,"column":3}},"loc":{"start":{"line":34,"column":39},"end":{"line":36,"column":3}},"line":34},"4":{"name":"(anonymous_4)","decl":{"start":{"line":42,"column":2},"end":{"line":42,"column":3}},"loc":{"start":{"line":42,"column":39},"end":{"line":44,"column":3}},"line":42}},"branchMap":{"0":{"loc":{"start":{"line":18,"column":14},"end":{"line":18,"column":35}},"type":"default-arg","locations":[{"start":{"line":18,"column":24},"end":{"line":18,"column":35}}],"line":18},"1":{"loc":{"start":{"line":26,"column":14},"end":{"line":26,"column":38}},"type":"default-arg","locations":[{"start":{"line":26,"column":24},"end":{"line":26,"column":38}}],"line":26},"2":{"loc":{"start":{"line":34,"column":14},"end":{"line":34,"column":37}},"type":"default-arg","locations":[{"start":{"line":34,"column":24},"end":{"line":34,"column":37}}],"line":34},"3":{"loc":{"start":{"line":42,"column":14},"end":{"line":42,"column":37}},"type":"default-arg","locations":[{"start":{"line":42,"column":24},"end":{"line":42,"column":37}}],"line":42}},"s":{"0":16,"1":16,"2":16,"3":5,"4":3,"5":8,"6":0,"7":8},"f":{"0":16,"1":5,"2":3,"3":8,"4":0},"b":{"0":[2],"1":[1],"2":[0],"3":[0]},"_coverageSchema":"1a1c01bbd47fc00a2c39e90264f33305004495a9","hash":"380ad8f8e27dc09bde02808ebef40bb2f3f727b1"}
,"/Users/justinprice/Desktop/USF Code Bootcamp/node_asses/express-jobly/helpers/sql.js": {"path":"/Users/justinprice/Desktop/USF Code Bootcamp/node_asses/express-jobly/helpers/sql.js","statementMap":{"0":{"start":{"line":1,"column":28},"end":{"line":1,"column":54}},"1":{"start":{"line":12,"column":2},"end":{"line":14,"column":3}},"2":{"start":{"line":13,"column":4},"end":{"line":13,"column":20}},"3":{"start":{"line":15,"column":15},"end":{"line":15,"column":40}},"4":{"start":{"line":16,"column":2},"end":{"line":16,"column":62}},"5":{"start":{"line":16,"column":25},"end":{"line":16,"column":62}},"6":{"start":{"line":19,"column":15},"end":{"line":21,"column":3}},"7":{"start":{"line":20,"column":6},"end":{"line":20,"column":52}},"8":{"start":{"line":23,"column":2},"end":{"line":26,"column":4}},"9":{"start":{"line":29,"column":0},"end":{"line":29,"column":41}}},"fnMap":{"0":{"name":"sqlForPartialUpdate","decl":{"start":{"line":11,"column":9},"end":{"line":11,"column":28}},"loc":{"start":{"line":11,"column":52},"end":{"line":27,"column":1}},"line":11},"1":{"name":"(anonymous_1)","decl":{"start":{"line":19,"column":24},"end":{"line":19,"column":25}},"loc":{"start":{"line":20,"column":6},"end":{"line":20,"column":52}},"line":20}},"branchMap":{"0":{"loc":{"start":{"line":12,"column":2},"end":{"line":14,"column":3}},"type":"if","locations":[{"start":{"line":12,"column":2},"end":{"line":14,"column":3}},{"start":{},"end":{}}],"line":12},"1":{"loc":{"start":{"line":12,"column":6},"end":{"line":12,"column":99}},"type":"binary-expr","locations":[{"start":{"line":12,"column":6},"end":{"line":12,"column":19}},{"start":{"line":12,"column":23},"end":{"line":12,"column":31}},{"start":{"line":12,"column":34},"end":{"line":12,"column":67}},{"start":{"line":12,"column":71},"end":{"line":12,"column":99}}],"line":12},"2":{"loc":{"start":{"line":16,"column":2},"end":{"line":16,"column":62}},"type":"if","locations":[{"start":{"line":16,"column":2},"end":{"line":16,"column":62}},{"start":{},"end":{}}],"line":16},"3":{"loc":{"start":{"line":20,"column":10},"end":{"line":20,"column":37}},"type":"binary-expr","locations":[{"start":{"line":20,"column":10},"end":{"line":20,"column":26}},{"start":{"line":20,"column":30},"end":{"line":20,"column":37}}],"line":20}},"s":{"0":7,"1":10,"2":3,"3":7,"4":7,"5":1,"6":6,"7":16,"8":6,"9":7},"f":{"0":10,"1":16},"b":{"0":[3,7],"1":[10,10,9,7],"2":[1,6],"3":[16,7]},"_coverageSchema":"1a1c01bbd47fc00a2c39e90264f33305004495a9","hash":"69d1d9a232337762164f57474c61e4457d322904"}
,"/Users/justinprice/Desktop/USF Code Bootcamp/node_asses/express-jobly/helpers/tokens.js": {"path":"/Users/justinprice/Desktop/USF Code Bootcamp/node_asses/express-jobly/helpers/tokens.js","statementMap":{"0":{"start":{"line":1,"column":12},"end":{"line":1,"column":35}},"1":{"start":{"line":2,"column":23},"end":{"line":2,"column":43}},"2":{"start":{"line":7,"column":2},"end":{"line":8,"column":58}},"3":{"start":{"line":10,"column":16},"end":{"line":13,"column":3}},"4":{"start":{"line":15,"column":2},"end":{"line":15,"column":39}},"5":{"start":{"line":18,"column":0},"end":{"line":18,"column":33}}},"fnMap":{"0":{"name":"createToken","decl":{"start":{"line":6,"column":9},"end":{"line":6,"column":20}},"loc":{"start":{"line":6,"column":27},"end":{"line":16,"column":1}},"line":6}},"branchMap":{"0":{"loc":{"start":{"line":12,"column":13},"end":{"line":12,"column":34}},"type":"binary-expr","locations":[{"start":{"line":12,"column":13},"end":{"line":12,"column":25}},{"start":{"line":12,"column":29},"end":{"line":12,"column":34}}],"line":12}},"s":{"0":5,"1":5,"2":8,"3":8,"4":8,"5":5},"f":{"0":8},"b":{"0":[8,7]},"_coverageSchema":"1a1c01bbd47fc00a2c39e90264f33305004495a9","hash":"5d14e7cb330ae1e385e0d46c38c3264893b11a80"}
,"/Users/justinprice/Desktop/USF Code Bootcamp/node_asses/express-jobly/middleware/auth.js": {"path":"/Users/justinprice/Desktop/USF Code Bootcamp/node_asses/express-jobly/middleware/auth.js","statementMap":{"0":{"start":{"line":6,"column":25},"end":{"line":6,"column":46}},"1":{"start":{"line":7,"column":23},"end":{"line":7,"column":43}},"2":{"start":{"line":8,"column":30},"end":{"line":8,"column":56}},"3":{"start":{"line":9,"column":12},"end":{"line":9,"column":35}},"4":{"start":{"line":20,"column":2},"end":{"line":29,"column":3}},"5":{"start":{"line":21,"column":23},"end":{"line":21,"column":63}},"6":{"start":{"line":22,"column":4},"end":{"line":25,"column":5}},"7":{"start":{"line":23,"column":20},"end":{"line":23,"column":64}},"8":{"start":{"line":24,"column":6},"end":{"line":24,"column":54}},"9":{"start":{"line":26,"column":4},"end":{"line":26,"column":18}},"10":{"start":{"line":28,"column":4},"end":{"line":28,"column":18}},"11":{"start":{"line":38,"column":2},"end":{"line":44,"column":3}},"12":{"start":{"line":40,"column":4},"end":{"line":40,"column":56}},"13":{"start":{"line":40,"column":26},"end":{"line":40,"column":56}},"14":{"start":{"line":41,"column":4},"end":{"line":41,"column":18}},"15":{"start":{"line":43,"column":4},"end":{"line":43,"column":21}},"16":{"start":{"line":50,"column":2},"end":{"line":73,"column":3}},"17":{"start":{"line":51,"column":4},"end":{"line":51,"column":27}},"18":{"start":{"line":54,"column":22},"end":{"line":54,"column":33}},"19":{"start":{"line":55,"column":4},"end":{"line":55,"column":44}},"20":{"start":{"line":55,"column":15},"end":{"line":55,"column":44}},"21":{"start":{"line":56,"column":4},"end":{"line":56,"column":22}},"22":{"start":{"line":57,"column":18},"end":{"line":57,"column":47}},"23":{"start":{"line":58,"column":4},"end":{"line":58,"column":24}},"24":{"start":{"line":59,"column":4},"end":{"line":67,"column":5}},"25":{"start":{"line":61,"column":6},"end":{"line":65,"column":7}},"26":{"start":{"line":62,"column":8},"end":{"line":62,"column":21}},"27":{"start":{"line":63,"column":13},"end":{"line":65,"column":7}},"28":{"start":{"line":64,"column":8},"end":{"line":64,"column":21}},"29":{"start":{"line":66,"column":6},"end":{"line":66,"column":36}},"30":{"start":{"line":69,"column":4},"end":{"line":69,"column":56}},"31":{"start":{"line":69,"column":26},"end":{"line":69,"column":56}},"32":{"start":{"line":70,"column":4},"end":{"line":70,"column":18}},"33":{"start":{"line":72,"column":4},"end":{"line":72,"column":21}},"34":{"start":{"line":77,"column":0},"end":{"line":81,"column":2}}},"fnMap":{"0":{"name":"authenticateJWT","decl":{"start":{"line":19,"column":9},"end":{"line":19,"column":24}},"loc":{"start":{"line":19,"column":41},"end":{"line":30,"column":1}},"line":19},"1":{"name":"ensureLoggedIn","decl":{"start":{"line":37,"column":9},"end":{"line":37,"column":23}},"loc":{"start":{"line":37,"column":40},"end":{"line":45,"column":1}},"line":37},"2":{"name":"isValidatedChecker","decl":{"start":{"line":49,"column":9},"end":{"line":49,"column":27}},"loc":{"start":{"line":49,"column":44},"end":{"line":74,"column":1}},"line":49}},"branchMap":{"0":{"loc":{"start":{"line":21,"column":23},"end":{"line":21,"column":63}},"type":"binary-expr","locations":[{"start":{"line":21,"column":23},"end":{"line":21,"column":34}},{"start":{"line":21,"column":38},"end":{"line":21,"column":63}}],"line":21},"1":{"loc":{"start":{"line":22,"column":4},"end":{"line":25,"column":5}},"type":"if","locations":[{"start":{"line":22,"column":4},"end":{"line":25,"column":5}},{"start":{},"end":{}}],"line":22},"2":{"loc":{"start":{"line":40,"column":4},"end":{"line":40,"column":56}},"type":"if","locations":[{"start":{"line":40,"column":4},"end":{"line":40,"column":56}},{"start":{},"end":{}}],"line":40},"3":{"loc":{"start":{"line":55,"column":4},"end":{"line":55,"column":44}},"type":"if","locations":[{"start":{"line":55,"column":4},"end":{"line":55,"column":44}},{"start":{},"end":{}}],"line":55},"4":{"loc":{"start":{"line":59,"column":4},"end":{"line":67,"column":5}},"type":"if","locations":[{"start":{"line":59,"column":4},"end":{"line":67,"column":5}},{"start":{},"end":{}}],"line":59},"5":{"loc":{"start":{"line":61,"column":6},"end":{"line":65,"column":7}},"type":"if","locations":[{"start":{"line":61,"column":6},"end":{"line":65,"column":7}},{"start":{"line":63,"column":13},"end":{"line":65,"column":7}}],"line":61},"6":{"loc":{"start":{"line":63,"column":13},"end":{"line":65,"column":7}},"type":"if","locations":[{"start":{"line":63,"column":13},"end":{"line":65,"column":7}},{"start":{},"end":{}}],"line":63},"7":{"loc":{"start":{"line":69,"column":4},"end":{"line":69,"column":56}},"type":"if","locations":[{"start":{"line":69,"column":4},"end":{"line":69,"column":56}},{"start":{},"end":{}}],"line":69}},"s":{"0":5,"1":5,"2":5,"3":5,"4":13,"5":13,"6":13,"7":2,"8":2,"9":12,"10":1,"11":2,"12":2,"13":1,"14":1,"15":1,"16":0,"17":0,"18":0,"19":0,"20":0,"21":0,"22":0,"23":0,"24":0,"25":0,"26":0,"27":0,"28":0,"29":0,"30":0,"31":0,"32":0,"33":0,"34":5},"f":{"0":13,"1":2,"2":0},"b":{"0":[13,12],"1":[2,11],"2":[1,1],"3":[0,0],"4":[0,0],"5":[0,0],"6":[0,0],"7":[0,0]},"_coverageSchema":"1a1c01bbd47fc00a2c39e90264f33305004495a9","hash":"c8522772bc1e00e3e3949f6aefafb8bd2a02b9f1"}
,"/Users/justinprice/Desktop/USF Code Bootcamp/node_asses/express-jobly/models/_testCommon.js": {"path":"/Users/justinprice/Desktop/USF Code Bootcamp/node_asses/express-jobly/models/_testCommon.js","statementMap":{"0":{"start":{"line":1,"column":15},"end":{"line":1,"column":32}},"1":{"start":{"line":3,"column":11},"end":{"line":3,"column":30}},"2":{"start":{"line":4,"column":31},"end":{"line":4,"column":51}},"3":{"start":{"line":8,"column":2},"end":{"line":8,"column":42}},"4":{"start":{"line":10,"column":2},"end":{"line":10,"column":38}},"5":{"start":{"line":12,"column":2},"end":{"line":16,"column":55}},"6":{"start":{"line":18,"column":2},"end":{"line":30,"column":9}},"7":{"start":{"line":34,"column":2},"end":{"line":34,"column":26}},"8":{"start":{"line":38,"column":2},"end":{"line":38,"column":29}},"9":{"start":{"line":42,"column":2},"end":{"line":42,"column":17}},"10":{"start":{"line":46,"column":0},"end":{"line":51,"column":2}}},"fnMap":{"0":{"name":"commonBeforeAll","decl":{"start":{"line":6,"column":15},"end":{"line":6,"column":30}},"loc":{"start":{"line":6,"column":33},"end":{"line":31,"column":1}},"line":6},"1":{"name":"commonBeforeEach","decl":{"start":{"line":33,"column":15},"end":{"line":33,"column":31}},"loc":{"start":{"line":33,"column":34},"end":{"line":35,"column":1}},"line":33},"2":{"name":"commonAfterEach","decl":{"start":{"line":37,"column":15},"end":{"line":37,"column":30}},"loc":{"start":{"line":37,"column":33},"end":{"line":39,"column":1}},"line":37},"3":{"name":"commonAfterAll","decl":{"start":{"line":41,"column":15},"end":{"line":41,"column":29}},"loc":{"start":{"line":41,"column":32},"end":{"line":43,"column":1}},"line":41}},"branchMap":{},"s":{"0":2,"1":2,"2":2,"3":2,"4":2,"5":2,"6":1,"7":11,"8":26,"9":2,"10":2},"f":{"0":2,"1":11,"2":26,"3":2},"b":{},"_coverageSchema":"1a1c01bbd47fc00a2c39e90264f33305004495a9","hash":"9107e3bf1e47ff7de817bc8305b322e29b715c8d"}
,"/Users/justinprice/Desktop/USF Code Bootcamp/node_asses/express-jobly/models/company.js": {"path":"/Users/justinprice/Desktop/USF Code Bootcamp/node_asses/express-jobly/models/company.js","statementMap":{"0":{"start":{"line":3,"column":11},"end":{"line":3,"column":27}},"1":{"start":{"line":4,"column":43},"end":{"line":4,"column":69}},"2":{"start":{"line":5,"column":32},"end":{"line":5,"column":57}},"3":{"start":{"line":20,"column":4},"end":{"line":20,"column":69}},"4":{"start":{"line":21,"column":27},"end":{"line":25,"column":17}},"5":{"start":{"line":27,"column":4},"end":{"line":28,"column":64}},"6":{"start":{"line":28,"column":6},"end":{"line":28,"column":64}},"7":{"start":{"line":30,"column":19},"end":{"line":42,"column":5}},"8":{"start":{"line":43,"column":20},"end":{"line":43,"column":34}},"9":{"start":{"line":45,"column":4},"end":{"line":45,"column":19}},"10":{"start":{"line":54,"column":25},"end":{"line":61,"column":26}},"11":{"start":{"line":62,"column":4},"end":{"line":62,"column":29}},"12":{"start":{"line":74,"column":23},"end":{"line":82,"column":17}},"13":{"start":{"line":84,"column":20},"end":{"line":84,"column":38}},"14":{"start":{"line":86,"column":4},"end":{"line":86,"column":67}},"15":{"start":{"line":86,"column":18},"end":{"line":86,"column":67}},"16":{"start":{"line":88,"column":4},"end":{"line":88,"column":19}},"17":{"start":{"line":104,"column":32},"end":{"line":109,"column":10}},"18":{"start":{"line":110,"column":25},"end":{"line":110,"column":50}},"19":{"start":{"line":112,"column":21},"end":{"line":119,"column":54}},"20":{"start":{"line":120,"column":19},"end":{"line":120,"column":64}},"21":{"start":{"line":121,"column":20},"end":{"line":121,"column":34}},"22":{"start":{"line":123,"column":4},"end":{"line":123,"column":67}},"23":{"start":{"line":123,"column":18},"end":{"line":123,"column":67}},"24":{"start":{"line":125,"column":4},"end":{"line":125,"column":19}},"25":{"start":{"line":134,"column":19},"end":{"line":139,"column":17}},"26":{"start":{"line":140,"column":20},"end":{"line":140,"column":34}},"27":{"start":{"line":142,"column":4},"end":{"line":142,"column":67}},"28":{"start":{"line":142,"column":18},"end":{"line":142,"column":67}},"29":{"start":{"line":147,"column":0},"end":{"line":147,"column":25}}},"fnMap":{"0":{"name":"(anonymous_0)","decl":{"start":{"line":19,"column":2},"end":{"line":19,"column":3}},"loc":{"start":{"line":19,"column":76},"end":{"line":46,"column":3}},"line":19},"1":{"name":"(anonymous_1)","decl":{"start":{"line":53,"column":2},"end":{"line":53,"column":3}},"loc":{"start":{"line":53,"column":25},"end":{"line":63,"column":3}},"line":53},"2":{"name":"(anonymous_2)","decl":{"start":{"line":73,"column":2},"end":{"line":73,"column":3}},"loc":{"start":{"line":73,"column":27},"end":{"line":89,"column":3}},"line":73},"3":{"name":"(anonymous_3)","decl":{"start":{"line":103,"column":2},"end":{"line":103,"column":3}},"loc":{"start":{"line":103,"column":36},"end":{"line":126,"column":3}},"line":103},"4":{"name":"(anonymous_4)","decl":{"start":{"line":133,"column":2},"end":{"line":133,"column":3}},"loc":{"start":{"line":133,"column":30},"end":{"line":143,"column":3}},"line":133}},"branchMap":{"0":{"loc":{"start":{"line":27,"column":4},"end":{"line":28,"column":64}},"type":"if","locations":[{"start":{"line":27,"column":4},"end":{"line":28,"column":64}},{"start":{},"end":{}}],"line":27},"1":{"loc":{"start":{"line":86,"column":4},"end":{"line":86,"column":67}},"type":"if","locations":[{"start":{"line":86,"column":4},"end":{"line":86,"column":67}},{"start":{},"end":{}}],"line":86},"2":{"loc":{"start":{"line":123,"column":4},"end":{"line":123,"column":67}},"type":"if","locations":[{"start":{"line":123,"column":4},"end":{"line":123,"column":67}},{"start":{},"end":{}}],"line":123},"3":{"loc":{"start":{"line":142,"column":4},"end":{"line":142,"column":67}},"type":"if","locations":[{"start":{"line":142,"column":4},"end":{"line":142,"column":67}},{"start":{},"end":{}}],"line":142}},"s":{"0":5,"1":5,"2":5,"3":10,"4":10,"5":10,"6":2,"7":8,"8":8,"9":8,"10":1,"11":1,"12":2,"13":2,"14":2,"15":1,"16":1,"17":4,"18":3,"19":3,"20":3,"21":3,"22":3,"23":1,"24":2,"25":2,"26":2,"27":2,"28":1,"29":5},"f":{"0":10,"1":1,"2":2,"3":4,"4":2},"b":{"0":[2,8],"1":[1,1],"2":[1,2],"3":[1,1]},"_coverageSchema":"1a1c01bbd47fc00a2c39e90264f33305004495a9","hash":"bd2a971648da10b5bc4f757c1e6c8bfa426ba8a6"}
,"/Users/justinprice/Desktop/USF Code Bootcamp/node_asses/express-jobly/models/jobs.js": {"path":"/Users/justinprice/Desktop/USF Code Bootcamp/node_asses/express-jobly/models/jobs.js","statementMap":{"0":{"start":{"line":3,"column":11},"end":{"line":3,"column":27}},"1":{"start":{"line":4,"column":43},"end":{"line":4,"column":69}},"2":{"start":{"line":5,"column":32},"end":{"line":5,"column":57}},"3":{"start":{"line":20,"column":4},"end":{"line":20,"column":58}},"4":{"start":{"line":21,"column":27},"end":{"line":25,"column":16}},"5":{"start":{"line":27,"column":4},"end":{"line":28,"column":64}},"6":{"start":{"line":28,"column":6},"end":{"line":28,"column":64}},"7":{"start":{"line":30,"column":19},"end":{"line":36,"column":5}},"8":{"start":{"line":37,"column":17},"end":{"line":37,"column":31}},"9":{"start":{"line":39,"column":4},"end":{"line":39,"column":16}},"10":{"start":{"line":48,"column":20},"end":{"line":54,"column":24}},"11":{"start":{"line":55,"column":4},"end":{"line":55,"column":24}},"12":{"start":{"line":67,"column":19},"end":{"line":74,"column":13}},"13":{"start":{"line":76,"column":17},"end":{"line":76,"column":31}},"14":{"start":{"line":78,"column":4},"end":{"line":78,"column":56}},"15":{"start":{"line":78,"column":15},"end":{"line":78,"column":56}},"16":{"start":{"line":80,"column":4},"end":{"line":80,"column":16}},"17":{"start":{"line":96,"column":32},"end":{"line":102,"column":10}},"18":{"start":{"line":103,"column":25},"end":{"line":103,"column":50}},"19":{"start":{"line":105,"column":21},"end":{"line":111,"column":47}},"20":{"start":{"line":112,"column":19},"end":{"line":112,"column":64}},"21":{"start":{"line":113,"column":20},"end":{"line":113,"column":34}},"22":{"start":{"line":115,"column":4},"end":{"line":115,"column":64}},"23":{"start":{"line":115,"column":18},"end":{"line":115,"column":64}},"24":{"start":{"line":117,"column":4},"end":{"line":117,"column":19}},"25":{"start":{"line":126,"column":19},"end":{"line":131,"column":13}},"26":{"start":{"line":132,"column":17},"end":{"line":132,"column":31}},"27":{"start":{"line":134,"column":4},"end":{"line":134,"column":65}},"28":{"start":{"line":134,"column":15},"end":{"line":134,"column":65}},"29":{"start":{"line":139,"column":0},"end":{"line":139,"column":22}}},"fnMap":{"0":{"name":"(anonymous_0)","decl":{"start":{"line":19,"column":2},"end":{"line":19,"column":3}},"loc":{"start":{"line":19,"column":65},"end":{"line":40,"column":3}},"line":19},"1":{"name":"(anonymous_1)","decl":{"start":{"line":47,"column":2},"end":{"line":47,"column":3}},"loc":{"start":{"line":47,"column":25},"end":{"line":56,"column":3}},"line":47},"2":{"name":"(anonymous_2)","decl":{"start":{"line":66,"column":2},"end":{"line":66,"column":3}},"loc":{"start":{"line":66,"column":23},"end":{"line":81,"column":3}},"line":66},"3":{"name":"(anonymous_3)","decl":{"start":{"line":95,"column":2},"end":{"line":95,"column":3}},"loc":{"start":{"line":95,"column":36},"end":{"line":118,"column":3}},"line":95},"4":{"name":"(anonymous_4)","decl":{"start":{"line":125,"column":2},"end":{"line":125,"column":3}},"loc":{"start":{"line":125,"column":26},"end":{"line":135,"column":3}},"line":125}},"branchMap":{"0":{"loc":{"start":{"line":27,"column":4},"end":{"line":28,"column":64}},"type":"if","locations":[{"start":{"line":27,"column":4},"end":{"line":28,"column":64}},{"start":{},"end":{}}],"line":27},"1":{"loc":{"start":{"line":78,"column":4},"end":{"line":78,"column":56}},"type":"if","locations":[{"start":{"line":78,"column":4},"end":{"line":78,"column":56}},{"start":{},"end":{}}],"line":78},"2":{"loc":{"start":{"line":115,"column":4},"end":{"line":115,"column":64}},"type":"if","locations":[{"start":{"line":115,"column":4},"end":{"line":115,"column":64}},{"start":{},"end":{}}],"line":115},"3":{"loc":{"start":{"line":134,"column":4},"end":{"line":134,"column":65}},"type":"if","locations":[{"start":{"line":134,"column":4},"end":{"line":134,"column":65}},{"start":{},"end":{}}],"line":134}},"s":{"0":4,"1":4,"2":4,"3":0,"4":0,"5":0,"6":0,"7":0,"8":0,"9":0,"10":0,"11":0,"12":0,"13":0,"14":0,"15":0,"16":0,"17":0,"18":0,"19":0,"20":0,"21":0,"22":0,"23":0,"24":0,"25":0,"26":0,"27":0,"28":0,"29":4},"f":{"0":0,"1":0,"2":0,"3":0,"4":0},"b":{"0":[0,0],"1":[0,0],"2":[0,0],"3":[0,0]},"_coverageSchema":"1a1c01bbd47fc00a2c39e90264f33305004495a9","hash":"fff96535b803e3ac4783805c35281abcd5b28f95"}
,"/Users/justinprice/Desktop/USF Code Bootcamp/node_asses/express-jobly/models/user.js": {"path":"/Users/justinprice/Desktop/USF Code Bootcamp/node_asses/express-jobly/models/user.js","statementMap":{"0":{"start":{"line":3,"column":11},"end":{"line":3,"column":27}},"1":{"start":{"line":4,"column":15},"end":{"line":4,"column":32}},"2":{"start":{"line":5,"column":32},"end":{"line":5,"column":57}},"3":{"start":{"line":10,"column":4},"end":{"line":10,"column":30}},"4":{"start":{"line":12,"column":43},"end":{"line":12,"column":66}},"5":{"start":{"line":13,"column":30},"end":{"line":13,"column":53}},"6":{"start":{"line":14,"column":12},"end":{"line":14,"column":35}},"7":{"start":{"line":28,"column":19},"end":{"line":38,"column":5}},"8":{"start":{"line":40,"column":17},"end":{"line":40,"column":31}},"9":{"start":{"line":42,"column":4},"end":{"line":49,"column":5}},"10":{"start":{"line":44,"column":22},"end":{"line":44,"column":67}},"11":{"start":{"line":45,"column":6},"end":{"line":48,"column":7}},"12":{"start":{"line":46,"column":8},"end":{"line":46,"column":29}},"13":{"start":{"line":47,"column":8},"end":{"line":47,"column":20}},"14":{"start":{"line":51,"column":4},"end":{"line":51,"column":61}},"15":{"start":{"line":63,"column":27},"end":{"line":68,"column":5}},"16":{"start":{"line":70,"column":4},"end":{"line":72,"column":5}},"17":{"start":{"line":71,"column":6},"end":{"line":71,"column":67}},"18":{"start":{"line":74,"column":27},"end":{"line":74,"column":74}},"19":{"start":{"line":76,"column":19},"end":{"line":94,"column":5}},"20":{"start":{"line":96,"column":17},"end":{"line":96,"column":31}},"21":{"start":{"line":98,"column":4},"end":{"line":98,"column":16}},"22":{"start":{"line":107,"column":19},"end":{"line":115,"column":5}},"23":{"start":{"line":117,"column":4},"end":{"line":117,"column":23}},"24":{"start":{"line":129,"column":20},"end":{"line":138,"column":5}},"25":{"start":{"line":139,"column":32},"end":{"line":139,"column":111}},"26":{"start":{"line":140,"column":4},"end":{"line":140,"column":41}},"27":{"start":{"line":141,"column":17},"end":{"line":141,"column":32}},"28":{"start":{"line":142,"column":17},"end":{"line":142,"column":60}},"29":{"start":{"line":142,"column":51},"end":{"line":142,"column":59}},"30":{"start":{"line":143,"column":4},"end":{"line":143,"column":23}},"31":{"start":{"line":144,"column":4},"end":{"line":144,"column":30}},"32":{"start":{"line":145,"column":4},"end":{"line":145,"column":63}},"33":{"start":{"line":145,"column":15},"end":{"line":145,"column":63}},"34":{"start":{"line":147,"column":4},"end":{"line":147,"column":16}},"35":{"start":{"line":168,"column":4},"end":{"line":170,"column":5}},"36":{"start":{"line":169,"column":6},"end":{"line":169,"column":75}},"37":{"start":{"line":172,"column":32},"end":{"line":178,"column":10}},"38":{"start":{"line":179,"column":27},"end":{"line":179,"column":52}},"39":{"start":{"line":181,"column":21},"end":{"line":188,"column":54}},"40":{"start":{"line":189,"column":19},"end":{"line":189,"column":66}},"41":{"start":{"line":190,"column":17},"end":{"line":190,"column":31}},"42":{"start":{"line":192,"column":4},"end":{"line":192,"column":63}},"43":{"start":{"line":192,"column":15},"end":{"line":192,"column":63}},"44":{"start":{"line":194,"column":4},"end":{"line":194,"column":25}},"45":{"start":{"line":195,"column":4},"end":{"line":195,"column":16}},"46":{"start":{"line":201,"column":17},"end":{"line":207,"column":5}},"47":{"start":{"line":208,"column":17},"end":{"line":208,"column":31}},"48":{"start":{"line":210,"column":4},"end":{"line":210,"column":63}},"49":{"start":{"line":210,"column":15},"end":{"line":210,"column":63}},"50":{"start":{"line":213,"column":0},"end":{"line":213,"column":19}},"51":{"start":{"line":216,"column":21},"end":{"line":220,"column":25}},"52":{"start":{"line":221,"column":2},"end":{"line":221,"column":23}},"53":{"start":{"line":234,"column":0},"end":{"line":234,"column":22}}},"fnMap":{"0":{"name":"(anonymous_0)","decl":{"start":{"line":26,"column":2},"end":{"line":26,"column":3}},"loc":{"start":{"line":26,"column":48},"end":{"line":52,"column":3}},"line":26},"1":{"name":"(anonymous_1)","decl":{"start":{"line":61,"column":2},"end":{"line":61,"column":3}},"loc":{"start":{"line":62,"column":67},"end":{"line":99,"column":3}},"line":62},"2":{"name":"(anonymous_2)","decl":{"start":{"line":106,"column":2},"end":{"line":106,"column":3}},"loc":{"start":{"line":106,"column":25},"end":{"line":118,"column":3}},"line":106},"3":{"name":"(anonymous_3)","decl":{"start":{"line":128,"column":2},"end":{"line":128,"column":3}},"loc":{"start":{"line":128,"column":29},"end":{"line":148,"column":3}},"line":128},"4":{"name":"(anonymous_4)","decl":{"start":{"line":142,"column":46},"end":{"line":142,"column":47}},"loc":{"start":{"line":142,"column":51},"end":{"line":142,"column":59}},"line":142},"5":{"name":"(anonymous_5)","decl":{"start":{"line":167,"column":2},"end":{"line":167,"column":3}},"loc":{"start":{"line":167,"column":38},"end":{"line":196,"column":3}},"line":167},"6":{"name":"(anonymous_6)","decl":{"start":{"line":200,"column":2},"end":{"line":200,"column":3}},"loc":{"start":{"line":200,"column":32},"end":{"line":211,"column":3}},"line":200},"7":{"name":"(anonymous_7)","decl":{"start":{"line":212,"column":0},"end":{"line":212,"column":1}},"loc":{"start":{"line":212,"column":36},"end":{"line":222,"column":1}},"line":212}},"branchMap":{"0":{"loc":{"start":{"line":42,"column":4},"end":{"line":49,"column":5}},"type":"if","locations":[{"start":{"line":42,"column":4},"end":{"line":49,"column":5}},{"start":{},"end":{}}],"line":42},"1":{"loc":{"start":{"line":45,"column":6},"end":{"line":48,"column":7}},"type":"if","locations":[{"start":{"line":45,"column":6},"end":{"line":48,"column":7}},{"start":{},"end":{}}],"line":45},"2":{"loc":{"start":{"line":70,"column":4},"end":{"line":72,"column":5}},"type":"if","locations":[{"start":{"line":70,"column":4},"end":{"line":72,"column":5}},{"start":{},"end":{}}],"line":70},"3":{"loc":{"start":{"line":145,"column":4},"end":{"line":145,"column":63}},"type":"if","locations":[{"start":{"line":145,"column":4},"end":{"line":145,"column":63}},{"start":{},"end":{}}],"line":145},"4":{"loc":{"start":{"line":168,"column":4},"end":{"line":170,"column":5}},"type":"if","locations":[{"start":{"line":168,"column":4},"end":{"line":170,"column":5}},{"start":{},"end":{}}],"line":168},"5":{"loc":{"start":{"line":192,"column":4},"end":{"line":192,"column":63}},"type":"if","locations":[{"start":{"line":192,"column":4},"end":{"line":192,"column":63}},{"start":{},"end":{}}],"line":192},"6":{"loc":{"start":{"line":210,"column":4},"end":{"line":210,"column":63}},"type":"if","locations":[{"start":{"line":210,"column":4},"end":{"line":210,"column":63}},{"start":{},"end":{}}],"line":210}},"s":{"0":5,"1":5,"2":5,"3":5,"4":5,"5":5,"6":5,"7":3,"8":3,"9":3,"10":2,"11":2,"12":1,"13":1,"14":2,"15":5,"16":5,"17":1,"18":4,"19":4,"20":4,"21":4,"22":0,"23":0,"24":0,"25":0,"26":0,"27":0,"28":0,"29":0,"30":0,"31":0,"32":0,"33":0,"34":0,"35":0,"36":0,"37":0,"38":0,"39":0,"40":0,"41":0,"42":0,"43":0,"44":0,"45":0,"46":0,"47":0,"48":0,"49":0,"50":0,"51":0,"52":0,"53":5},"f":{"0":3,"1":5,"2":0,"3":0,"4":0,"5":0,"6":0,"7":0},"b":{"0":[2,1],"1":[1,1],"2":[1,4],"3":[0,0],"4":[0,0],"5":[0,0],"6":[0,0]},"_coverageSchema":"1a1c01bbd47fc00a2c39e90264f33305004495a9","hash":"3e1c9014e43f60b2a9935480bbd3b88b113fe13c"}
,"/Users/justinprice/Desktop/USF Code Bootcamp/node_asses/express-jobly/routes/_testCommon.js": {"path":"/Users/justinprice/Desktop/USF Code Bootcamp/node_asses/express-jobly/routes/_testCommon.js","statementMap":{"0":{"start":{"line":3,"column":11},"end":{"line":3,"column":30}},"1":{"start":{"line":4,"column":13},"end":{"line":4,"column":38}},"2":{"start":{"line":5,"column":16},"end":{"line":5,"column":44}},"3":{"start":{"line":6,"column":24},"end":{"line":6,"column":52}},"4":{"start":{"line":10,"column":2},"end":{"line":10,"column":38}},"5":{"start":{"line":12,"column":2},"end":{"line":12,"column":42}},"6":{"start":{"line":14,"column":2},"end":{"line":21,"column":9}},"7":{"start":{"line":22,"column":2},"end":{"line":29,"column":9}},"8":{"start":{"line":30,"column":2},"end":{"line":37,"column":9}},"9":{"start":{"line":39,"column":2},"end":{"line":46,"column":5}},"10":{"start":{"line":47,"column":2},"end":{"line":54,"column":5}},"11":{"start":{"line":55,"column":2},"end":{"line":62,"column":5}},"12":{"start":{"line":66,"column":2},"end":{"line":66,"column":26}},"13":{"start":{"line":70,"column":2},"end":{"line":70,"column":29}},"14":{"start":{"line":74,"column":2},"end":{"line":74,"column":17}},"15":{"start":{"line":78,"column":16},"end":{"line":78,"column":63}},"16":{"start":{"line":81,"column":0},"end":{"line":87,"column":2}}},"fnMap":{"0":{"name":"commonBeforeAll","decl":{"start":{"line":8,"column":15},"end":{"line":8,"column":30}},"loc":{"start":{"line":8,"column":33},"end":{"line":63,"column":1}},"line":8},"1":{"name":"commonBeforeEach","decl":{"start":{"line":65,"column":15},"end":{"line":65,"column":31}},"loc":{"start":{"line":65,"column":34},"end":{"line":67,"column":1}},"line":65},"2":{"name":"commonAfterEach","decl":{"start":{"line":69,"column":15},"end":{"line":69,"column":30}},"loc":{"start":{"line":69,"column":33},"end":{"line":71,"column":1}},"line":69},"3":{"name":"commonAfterAll","decl":{"start":{"line":73,"column":15},"end":{"line":73,"column":29}},"loc":{"start":{"line":73,"column":32},"end":{"line":75,"column":1}},"line":73}},"branchMap":{},"s":{"0":3,"1":3,"2":3,"3":3,"4":3,"5":3,"6":3,"7":2,"8":2,"9":2,"10":1,"11":1,"12":8,"13":47,"14":3,"15":3,"16":3},"f":{"0":3,"1":8,"2":47,"3":3},"b":{},"_coverageSchema":"1a1c01bbd47fc00a2c39e90264f33305004495a9","hash":"618fa51647737b0517b86b8efd09a48c6c75276b"}
,"/Users/justinprice/Desktop/USF Code Bootcamp/node_asses/express-jobly/routes/auth.js": {"path":"/Users/justinprice/Desktop/USF Code Bootcamp/node_asses/express-jobly/routes/auth.js","statementMap":{"0":{"start":{"line":5,"column":19},"end":{"line":5,"column":40}},"1":{"start":{"line":7,"column":13},"end":{"line":7,"column":38}},"2":{"start":{"line":8,"column":16},"end":{"line":8,"column":34}},"3":{"start":{"line":9,"column":15},"end":{"line":9,"column":35}},"4":{"start":{"line":10,"column":24},"end":{"line":10,"column":52}},"5":{"start":{"line":11,"column":23},"end":{"line":11,"column":58}},"6":{"start":{"line":12,"column":27},"end":{"line":12,"column":66}},"7":{"start":{"line":13,"column":28},"end":{"line":13,"column":54}},"8":{"start":{"line":22,"column":0},"end":{"line":37,"column":3}},"9":{"start":{"line":23,"column":2},"end":{"line":36,"column":3}},"10":{"start":{"line":24,"column":22},"end":{"line":24,"column":67}},"11":{"start":{"line":25,"column":4},"end":{"line":28,"column":5}},"12":{"start":{"line":26,"column":19},"end":{"line":26,"column":53}},"13":{"start":{"line":26,"column":45},"end":{"line":26,"column":52}},"14":{"start":{"line":27,"column":6},"end":{"line":27,"column":38}},"15":{"start":{"line":30,"column":35},"end":{"line":30,"column":43}},"16":{"start":{"line":31,"column":17},"end":{"line":31,"column":60}},"17":{"start":{"line":32,"column":18},"end":{"line":32,"column":35}},"18":{"start":{"line":33,"column":4},"end":{"line":33,"column":31}},"19":{"start":{"line":35,"column":4},"end":{"line":35,"column":21}},"20":{"start":{"line":49,"column":0},"end":{"line":63,"column":3}},"21":{"start":{"line":50,"column":2},"end":{"line":62,"column":3}},"22":{"start":{"line":51,"column":22},"end":{"line":51,"column":71}},"23":{"start":{"line":52,"column":4},"end":{"line":55,"column":5}},"24":{"start":{"line":53,"column":19},"end":{"line":53,"column":53}},"25":{"start":{"line":53,"column":45},"end":{"line":53,"column":52}},"26":{"start":{"line":54,"column":6},"end":{"line":54,"column":38}},"27":{"start":{"line":57,"column":20},"end":{"line":57,"column":72}},"28":{"start":{"line":58,"column":18},"end":{"line":58,"column":38}},"29":{"start":{"line":59,"column":4},"end":{"line":59,"column":43}},"30":{"start":{"line":61,"column":4},"end":{"line":61,"column":21}},"31":{"start":{"line":66,"column":0},"end":{"line":66,"column":24}}},"fnMap":{"0":{"name":"(anonymous_0)","decl":{"start":{"line":22,"column":22},"end":{"line":22,"column":23}},"loc":{"start":{"line":22,"column":54},"end":{"line":37,"column":1}},"line":22},"1":{"name":"(anonymous_1)","decl":{"start":{"line":26,"column":40},"end":{"line":26,"column":41}},"loc":{"start":{"line":26,"column":45},"end":{"line":26,"column":52}},"line":26},"2":{"name":"(anonymous_2)","decl":{"start":{"line":49,"column":25},"end":{"line":49,"column":26}},"loc":{"start":{"line":49,"column":57},"end":{"line":63,"column":1}},"line":49},"3":{"name":"(anonymous_3)","decl":{"start":{"line":53,"column":40},"end":{"line":53,"column":41}},"loc":{"start":{"line":53,"column":45},"end":{"line":53,"column":52}},"line":53}},"branchMap":{"0":{"loc":{"start":{"line":25,"column":4},"end":{"line":28,"column":5}},"type":"if","locations":[{"start":{"line":25,"column":4},"end":{"line":28,"column":5}},{"start":{},"end":{}}],"line":25},"1":{"loc":{"start":{"line":52,"column":4},"end":{"line":55,"column":5}},"type":"if","locations":[{"start":{"line":52,"column":4},"end":{"line":55,"column":5}},{"start":{},"end":{}}],"line":52}},"s":{"0":4,"1":4,"2":4,"3":4,"4":4,"5":4,"6":4,"7":4,"8":4,"9":5,"10":5,"11":5,"12":2,"13":2,"14":2,"15":3,"16":3,"17":1,"18":1,"19":4,"20":4,"21":3,"22":3,"23":3,"24":2,"25":5,"26":2,"27":1,"28":1,"29":1,"30":2,"31":4},"f":{"0":5,"1":2,"2":3,"3":5},"b":{"0":[2,3],"1":[2,1]},"_coverageSchema":"1a1c01bbd47fc00a2c39e90264f33305004495a9","hash":"e5a40c193f0861a4fc5ab2b7cbdf675aaba40c9c"}
,"/Users/justinprice/Desktop/USF Code Bootcamp/node_asses/express-jobly/routes/companies.js": {"path":"/Users/justinprice/Desktop/USF Code Bootcamp/node_asses/express-jobly/routes/companies.js","statementMap":{"0":{"start":{"line":5,"column":19},"end":{"line":5,"column":40}},"1":{"start":{"line":6,"column":16},"end":{"line":6,"column":34}},"2":{"start":{"line":8,"column":28},"end":{"line":8,"column":54}},"3":{"start":{"line":9,"column":47},"end":{"line":9,"column":76}},"4":{"start":{"line":10,"column":16},"end":{"line":10,"column":44}},"5":{"start":{"line":11,"column":11},"end":{"line":11,"column":30}},"6":{"start":{"line":13,"column":25},"end":{"line":13,"column":62}},"7":{"start":{"line":14,"column":28},"end":{"line":14,"column":68}},"8":{"start":{"line":16,"column":15},"end":{"line":16,"column":35}},"9":{"start":{"line":28,"column":0},"end":{"line":42,"column":3}},"10":{"start":{"line":29,"column":2},"end":{"line":41,"column":3}},"11":{"start":{"line":30,"column":4},"end":{"line":30,"column":26}},"12":{"start":{"line":31,"column":22},"end":{"line":31,"column":70}},"13":{"start":{"line":32,"column":4},"end":{"line":35,"column":5}},"14":{"start":{"line":33,"column":19},"end":{"line":33,"column":53}},"15":{"start":{"line":33,"column":45},"end":{"line":33,"column":52}},"16":{"start":{"line":34,"column":6},"end":{"line":34,"column":38}},"17":{"start":{"line":36,"column":0},"end":{"line":36,"column":22}},"18":{"start":{"line":37,"column":20},"end":{"line":37,"column":51}},"19":{"start":{"line":38,"column":4},"end":{"line":38,"column":45}},"20":{"start":{"line":40,"column":4},"end":{"line":40,"column":21}},"21":{"start":{"line":60,"column":0},"end":{"line":111,"column":3}},"22":{"start":{"line":61,"column":2},"end":{"line":110,"column":3}},"23":{"start":{"line":62,"column":45},"end":{"line":62,"column":54}},"24":{"start":{"line":63,"column":4},"end":{"line":63,"column":51}},"25":{"start":{"line":64,"column":22},"end":{"line":64,"column":45}},"26":{"start":{"line":66,"column":4},"end":{"line":68,"column":5}},"27":{"start":{"line":67,"column":6},"end":{"line":67,"column":37}},"28":{"start":{"line":69,"column":4},"end":{"line":71,"column":5}},"29":{"start":{"line":70,"column":6},"end":{"line":70,"column":82}},"30":{"start":{"line":72,"column":28},"end":{"line":72,"column":30}},"31":{"start":{"line":73,"column":4},"end":{"line":105,"column":5}},"32":{"start":{"line":74,"column":25},"end":{"line":74,"column":26}},"33":{"start":{"line":75,"column":26},"end":{"line":75,"column":28}},"34":{"start":{"line":76,"column":6},"end":{"line":83,"column":7}},"35":{"start":{"line":78,"column":8},"end":{"line":78,"column":39}},"36":{"start":{"line":79,"column":8},"end":{"line":82,"column":9}},"37":{"start":{"line":80,"column":10},"end":{"line":80,"column":37}},"38":{"start":{"line":81,"column":10},"end":{"line":81,"column":36}},"39":{"start":{"line":84,"column":6},"end":{"line":91,"column":7}},"40":{"start":{"line":86,"column":8},"end":{"line":86,"column":39}},"41":{"start":{"line":87,"column":8},"end":{"line":90,"column":9}},"42":{"start":{"line":88,"column":10},"end":{"line":88,"column":37}},"43":{"start":{"line":89,"column":10},"end":{"line":89,"column":35}},"44":{"start":{"line":92,"column":6},"end":{"line":99,"column":7}},"45":{"start":{"line":94,"column":8},"end":{"line":94,"column":39}},"46":{"start":{"line":95,"column":8},"end":{"line":98,"column":9}},"47":{"start":{"line":96,"column":10},"end":{"line":96,"column":37}},"48":{"start":{"line":97,"column":10},"end":{"line":97,"column":35}},"49":{"start":{"line":100,"column":6},"end":{"line":100,"column":55}},"50":{"start":{"line":101,"column":6},"end":{"line":104,"column":7}},"51":{"start":{"line":102,"column":8},"end":{"line":102,"column":33}},"52":{"start":{"line":103,"column":8},"end":{"line":103,"column":48}},"53":{"start":{"line":107,"column":4},"end":{"line":107,"column":43}},"54":{"start":{"line":109,"column":4},"end":{"line":109,"column":21}},"55":{"start":{"line":121,"column":0},"end":{"line":134,"column":3}},"56":{"start":{"line":122,"column":2},"end":{"line":133,"column":3}},"57":{"start":{"line":123,"column":20},"end":{"line":123,"column":56}},"58":{"start":{"line":124,"column":17},"end":{"line":124,"column":118}},"59":{"start":{"line":125,"column":4},"end":{"line":125,"column":21}},"60":{"start":{"line":126,"column":4},"end":{"line":126,"column":44}},"61":{"start":{"line":129,"column":4},"end":{"line":129,"column":33}},"62":{"start":{"line":132,"column":4},"end":{"line":132,"column":21}},"63":{"start":{"line":147,"column":0},"end":{"line":160,"column":3}},"64":{"start":{"line":148,"column":2},"end":{"line":159,"column":3}},"65":{"start":{"line":149,"column":22},"end":{"line":149,"column":72}},"66":{"start":{"line":150,"column":4},"end":{"line":153,"column":5}},"67":{"start":{"line":151,"column":19},"end":{"line":151,"column":53}},"68":{"start":{"line":151,"column":45},"end":{"line":151,"column":52}},"69":{"start":{"line":152,"column":6},"end":{"line":152,"column":38}},"70":{"start":{"line":155,"column":20},"end":{"line":155,"column":69}},"71":{"start":{"line":156,"column":4},"end":{"line":156,"column":33}},"72":{"start":{"line":158,"column":4},"end":{"line":158,"column":21}},"73":{"start":{"line":167,"column":0},"end":{"line":174,"column":3}},"74":{"start":{"line":168,"column":2},"end":{"line":173,"column":3}},"75":{"start":{"line":169,"column":4},"end":{"line":169,"column":44}},"76":{"start":{"line":170,"column":4},"end":{"line":170,"column":52}},"77":{"start":{"line":172,"column":4},"end":{"line":172,"column":21}},"78":{"start":{"line":177,"column":0},"end":{"line":177,"column":24}}},"fnMap":{"0":{"name":"(anonymous_0)","decl":{"start":{"line":28,"column":39},"end":{"line":28,"column":40}},"loc":{"start":{"line":28,"column":71},"end":{"line":42,"column":1}},"line":28},"1":{"name":"(anonymous_1)","decl":{"start":{"line":33,"column":40},"end":{"line":33,"column":41}},"loc":{"start":{"line":33,"column":45},"end":{"line":33,"column":52}},"line":33},"2":{"name":"(anonymous_2)","decl":{"start":{"line":60,"column":16},"end":{"line":60,"column":17}},"loc":{"start":{"line":60,"column":48},"end":{"line":111,"column":1}},"line":60},"3":{"name":"(anonymous_3)","decl":{"start":{"line":121,"column":23},"end":{"line":121,"column":24}},"loc":{"start":{"line":121,"column":55},"end":{"line":134,"column":1}},"line":121},"4":{"name":"(anonymous_4)","decl":{"start":{"line":147,"column":41},"end":{"line":147,"column":42}},"loc":{"start":{"line":147,"column":73},"end":{"line":160,"column":1}},"line":147},"5":{"name":"(anonymous_5)","decl":{"start":{"line":151,"column":40},"end":{"line":151,"column":41}},"loc":{"start":{"line":151,"column":45},"end":{"line":151,"column":52}},"line":151},"6":{"name":"(anonymous_6)","decl":{"start":{"line":167,"column":42},"end":{"line":167,"column":43}},"loc":{"start":{"line":167,"column":74},"end":{"line":174,"column":1}},"line":167}},"branchMap":{"0":{"loc":{"start":{"line":32,"column":4},"end":{"line":35,"column":5}},"type":"if","locations":[{"start":{"line":32,"column":4},"end":{"line":35,"column":5}},{"start":{},"end":{}}],"line":32},"1":{"loc":{"start":{"line":66,"column":4},"end":{"line":68,"column":5}},"type":"if","locations":[{"start":{"line":66,"column":4},"end":{"line":68,"column":5}},{"start":{},"end":{}}],"line":66},"2":{"loc":{"start":{"line":66,"column":8},"end":{"line":66,"column":48}},"type":"binary-expr","locations":[{"start":{"line":66,"column":8},"end":{"line":66,"column":13}},{"start":{"line":66,"column":17},"end":{"line":66,"column":30}},{"start":{"line":66,"column":34},"end":{"line":66,"column":48}}],"line":66},"3":{"loc":{"start":{"line":69,"column":4},"end":{"line":71,"column":5}},"type":"if","locations":[{"start":{"line":69,"column":4},"end":{"line":71,"column":5}},{"start":{},"end":{}}],"line":69},"4":{"loc":{"start":{"line":76,"column":6},"end":{"line":83,"column":7}},"type":"if","locations":[{"start":{"line":76,"column":6},"end":{"line":83,"column":7}},{"start":{},"end":{}}],"line":76},"5":{"loc":{"start":{"line":79,"column":8},"end":{"line":82,"column":9}},"type":"if","locations":[{"start":{"line":79,"column":8},"end":{"line":82,"column":9}},{"start":{},"end":{}}],"line":79},"6":{"loc":{"start":{"line":84,"column":6},"end":{"line":91,"column":7}},"type":"if","locations":[{"start":{"line":84,"column":6},"end":{"line":91,"column":7}},{"start":{},"end":{}}],"line":84},"7":{"loc":{"start":{"line":87,"column":8},"end":{"line":90,"column":9}},"type":"if","locations":[{"start":{"line":87,"column":8},"end":{"line":90,"column":9}},{"start":{},"end":{}}],"line":87},"8":{"loc":{"start":{"line":92,"column":6},"end":{"line":99,"column":7}},"type":"if","locations":[{"start":{"line":92,"column":6},"end":{"line":99,"column":7}},{"start":{},"end":{}}],"line":92},"9":{"loc":{"start":{"line":95,"column":8},"end":{"line":98,"column":9}},"type":"if","locations":[{"start":{"line":95,"column":8},"end":{"line":98,"column":9}},{"start":{},"end":{}}],"line":95},"10":{"loc":{"start":{"line":101,"column":6},"end":{"line":104,"column":7}},"type":"if","locations":[{"start":{"line":101,"column":6},"end":{"line":104,"column":7}},{"start":{},"end":{}}],"line":101},"11":{"loc":{"start":{"line":150,"column":4},"end":{"line":153,"column":5}},"type":"if","locations":[{"start":{"line":150,"column":4},"end":{"line":153,"column":5}},{"start":{},"end":{}}],"line":150}},"s":{"0":4,"1":4,"2":4,"3":4,"4":4,"5":4,"6":4,"7":4,"8":4,"9":4,"10":0,"11":0,"12":0,"13":0,"14":0,"15":0,"16":0,"17":0,"18":0,"19":0,"20":0,"21":4,"22":0,"23":0,"24":0,"25":0,"26":0,"27":0,"28":0,"29":0,"30":0,"31":0,"32":0,"33":0,"34":0,"35":0,"36":0,"37":0,"38":0,"39":0,"40":0,"41":0,"42":0,"43":0,"44":0,"45":0,"46":0,"47":0,"48":0,"49":0,"50":0,"51":0,"52":0,"53":0,"54":0,"55":4,"56":0,"57":0,"58":0,"59":0,"60":0,"61":0,"62":0,"63":4,"64":0,"65":0,"66":0,"67":0,"68":0,"69":0,"70":0,"71":0,"72":0,"73":4,"74":0,"75":0,"76":0,"77":0,"78":4},"f":{"0":0,"1":0,"2":0,"3":0,"4":0,"5":0,"6":0},"b":{"0":[0,0],"1":[0,0],"2":[0,0,0],"3":[0,0],"4":[0,0],"5":[0,0],"6":[0,0],"7":[0,0],"8":[0,0],"9":[0,0],"10":[0,0],"11":[0,0]},"_coverageSchema":"1a1c01bbd47fc00a2c39e90264f33305004495a9","hash":"9c7ce5bd86132b809ec43c68ecc5756dbfb5813d"}
,"/Users/justinprice/Desktop/USF Code Bootcamp/node_asses/express-jobly/routes/jobs.js": {"path":"/Users/justinprice/Desktop/USF Code Bootcamp/node_asses/express-jobly/routes/jobs.js","statementMap":{"0":{"start":{"line":5,"column":19},"end":{"line":5,"column":40}},"1":{"start":{"line":6,"column":16},"end":{"line":6,"column":34}},"2":{"start":{"line":8,"column":28},"end":{"line":8,"column":54}},"3":{"start":{"line":9,"column":47},"end":{"line":9,"column":76}},"4":{"start":{"line":10,"column":13},"end":{"line":10,"column":38}},"5":{"start":{"line":11,"column":18},"end":{"line":11,"column":36}},"6":{"start":{"line":12,"column":13},"end":{"line":12,"column":38}},"7":{"start":{"line":17,"column":15},"end":{"line":17,"column":35}},"8":{"start":{"line":21,"column":0},"end":{"line":82,"column":2}},"9":{"start":{"line":23,"column":36},"end":{"line":23,"column":45}},"10":{"start":{"line":24,"column":0},"end":{"line":24,"column":42}},"11":{"start":{"line":28,"column":16},"end":{"line":28,"column":36}},"12":{"start":{"line":30,"column":0},"end":{"line":31,"column":33}},"13":{"start":{"line":31,"column":4},"end":{"line":31,"column":32}},"14":{"start":{"line":33,"column":19},"end":{"line":33,"column":21}},"15":{"start":{"line":34,"column":4},"end":{"line":77,"column":1}},"16":{"start":{"line":35,"column":18},"end":{"line":35,"column":20}},"17":{"start":{"line":36,"column":27},"end":{"line":36,"column":28}},"18":{"start":{"line":38,"column":4},"end":{"line":48,"column":5}},"19":{"start":{"line":41,"column":8},"end":{"line":41,"column":39}},"20":{"start":{"line":42,"column":8},"end":{"line":47,"column":9}},"21":{"start":{"line":44,"column":12},"end":{"line":44,"column":25}},"22":{"start":{"line":50,"column":4},"end":{"line":58,"column":5}},"23":{"start":{"line":51,"column":8},"end":{"line":51,"column":39}},"24":{"start":{"line":53,"column":8},"end":{"line":57,"column":9}},"25":{"start":{"line":55,"column":12},"end":{"line":55,"column":25}},"26":{"start":{"line":60,"column":4},"end":{"line":69,"column":6}},"27":{"start":{"line":61,"column":8},"end":{"line":61,"column":39}},"28":{"start":{"line":62,"column":4},"end":{"line":69,"column":5}},"29":{"start":{"line":64,"column":8},"end":{"line":68,"column":9}},"30":{"start":{"line":66,"column":12},"end":{"line":66,"column":25}},"31":{"start":{"line":71,"column":4},"end":{"line":75,"column":5}},"32":{"start":{"line":72,"column":8},"end":{"line":74,"column":34}},"33":{"start":{"line":73,"column":8},"end":{"line":73,"column":33}},"34":{"start":{"line":74,"column":8},"end":{"line":74,"column":33}},"35":{"start":{"line":81,"column":0},"end":{"line":81,"column":22}},"36":{"start":{"line":87,"column":0},"end":{"line":90,"column":2}},"37":{"start":{"line":89,"column":0},"end":{"line":89,"column":26}},"38":{"start":{"line":93,"column":0},"end":{"line":100,"column":2}},"39":{"start":{"line":95,"column":22},"end":{"line":95,"column":51}},"40":{"start":{"line":96,"column":4},"end":{"line":96,"column":26}},"41":{"start":{"line":99,"column":0},"end":{"line":99,"column":19}},"42":{"start":{"line":103,"column":0},"end":{"line":110,"column":2}},"43":{"start":{"line":104,"column":4},"end":{"line":104,"column":25}},"44":{"start":{"line":105,"column":21},"end":{"line":105,"column":63}},"45":{"start":{"line":106,"column":4},"end":{"line":106,"column":27}},"46":{"start":{"line":109,"column":0},"end":{"line":109,"column":37}},"47":{"start":{"line":113,"column":0},"end":{"line":117,"column":2}},"48":{"start":{"line":114,"column":23},"end":{"line":114,"column":49}},"49":{"start":{"line":116,"column":0},"end":{"line":116,"column":37}},"50":{"start":{"line":125,"column":0},"end":{"line":125,"column":23}}},"fnMap":{"0":{"name":"(anonymous_0)","decl":{"start":{"line":21,"column":16},"end":{"line":21,"column":17}},"loc":{"start":{"line":21,"column":46},"end":{"line":82,"column":1}},"line":21},"1":{"name":"(anonymous_1)","decl":{"start":{"line":87,"column":17},"end":{"line":87,"column":18}},"loc":{"start":{"line":87,"column":47},"end":{"line":90,"column":1}},"line":87},"2":{"name":"(anonymous_2)","decl":{"start":{"line":93,"column":19},"end":{"line":93,"column":20}},"loc":{"start":{"line":93,"column":49},"end":{"line":100,"column":1}},"line":93},"3":{"name":"(anonymous_3)","decl":{"start":{"line":103,"column":21},"end":{"line":103,"column":22}},"loc":{"start":{"line":103,"column":51},"end":{"line":110,"column":1}},"line":103},"4":{"name":"(anonymous_4)","decl":{"start":{"line":113,"column":22},"end":{"line":113,"column":23}},"loc":{"start":{"line":113,"column":52},"end":{"line":117,"column":1}},"line":113}},"branchMap":{"0":{"loc":{"start":{"line":30,"column":0},"end":{"line":31,"column":33}},"type":"if","locations":[{"start":{"line":30,"column":0},"end":{"line":31,"column":33}},{"start":{},"end":{}}],"line":30},"1":{"loc":{"start":{"line":30,"column":4},"end":{"line":30,"column":38}},"type":"binary-expr","locations":[{"start":{"line":30,"column":4},"end":{"line":30,"column":10}},{"start":{"line":30,"column":14},"end":{"line":30,"column":24}},{"start":{"line":30,"column":28},"end":{"line":30,"column":38}}],"line":30},"2":{"loc":{"start":{"line":38,"column":4},"end":{"line":48,"column":5}},"type":"if","locations":[{"start":{"line":38,"column":4},"end":{"line":48,"column":5}},{"start":{},"end":{}}],"line":38},"3":{"loc":{"start":{"line":42,"column":8},"end":{"line":47,"column":9}},"type":"if","locations":[{"start":{"line":42,"column":8},"end":{"line":47,"column":9}},{"start":{},"end":{}}],"line":42},"4":{"loc":{"start":{"line":50,"column":4},"end":{"line":58,"column":5}},"type":"if","locations":[{"start":{"line":50,"column":4},"end":{"line":58,"column":5}},{"start":{},"end":{}}],"line":50},"5":{"loc":{"start":{"line":53,"column":8},"end":{"line":57,"column":9}},"type":"if","locations":[{"start":{"line":53,"column":8},"end":{"line":57,"column":9}},{"start":{},"end":{}}],"line":53},"6":{"loc":{"start":{"line":60,"column":4},"end":{"line":69,"column":6}},"type":"if","locations":[{"start":{"line":60,"column":4},"end":{"line":69,"column":6}},{"start":{},"end":{}}],"line":60},"7":{"loc":{"start":{"line":62,"column":4},"end":{"line":69,"column":5}},"type":"if","locations":[{"start":{"line":62,"column":4},"end":{"line":69,"column":5}},{"start":{},"end":{}}],"line":62},"8":{"loc":{"start":{"line":64,"column":8},"end":{"line":68,"column":9}},"type":"if","locations":[{"start":{"line":64,"column":8},"end":{"line":68,"column":9}},{"start":{},"end":{}}],"line":64},"9":{"loc":{"start":{"line":71,"column":4},"end":{"line":75,"column":5}},"type":"if","locations":[{"start":{"line":71,"column":4},"end":{"line":75,"column":5}},{"start":{},"end":{}}],"line":71},"10":{"loc":{"start":{"line":72,"column":8},"end":{"line":74,"column":34}},"type":"if","locations":[{"start":{"line":72,"column":8},"end":{"line":74,"column":34}},{"start":{},"end":{}}],"line":72}},"s":{"0":4,"1":4,"2":4,"3":4,"4":4,"5":4,"6":4,"7":4,"8":4,"9":0,"10":0,"11":0,"12":0,"13":0,"14":0,"15":0,"16":0,"17":0,"18":0,"19":0,"20":0,"21":0,"22":0,"23":0,"24":0,"25":0,"26":0,"27":0,"28":0,"29":0,"30":0,"31":0,"32":0,"33":0,"34":0,"35":0,"36":4,"37":0,"38":4,"39":0,"40":0,"41":0,"42":4,"43":0,"44":0,"45":0,"46":0,"47":4,"48":0,"49":0,"50":4},"f":{"0":0,"1":0,"2":0,"3":0,"4":0},"b":{"0":[0,0],"1":[0,0,0],"2":[0,0],"3":[0,0],"4":[0,0],"5":[0,0],"6":[0,0],"7":[0,0],"8":[0,0],"9":[0,0],"10":[0,0]},"_coverageSchema":"1a1c01bbd47fc00a2c39e90264f33305004495a9","hash":"241f6279c77a60f756b72b55b1bc7cb22a34eebd"}
,"/Users/justinprice/Desktop/USF Code Bootcamp/node_asses/express-jobly/routes/users.js": {"path":"/Users/justinprice/Desktop/USF Code Bootcamp/node_asses/express-jobly/routes/users.js","statementMap":{"0":{"start":{"line":5,"column":19},"end":{"line":5,"column":40}},"1":{"start":{"line":7,"column":16},"end":{"line":7,"column":34}},"2":{"start":{"line":8,"column":47},"end":{"line":8,"column":76}},"3":{"start":{"line":9,"column":28},"end":{"line":9,"column":54}},"4":{"start":{"line":10,"column":13},"end":{"line":10,"column":38}},"5":{"start":{"line":11,"column":24},"end":{"line":11,"column":52}},"6":{"start":{"line":12,"column":22},"end":{"line":12,"column":56}},"7":{"start":{"line":13,"column":25},"end":{"line":13,"column":62}},"8":{"start":{"line":15,"column":15},"end":{"line":15,"column":31}},"9":{"start":{"line":30,"column":0},"end":{"line":44,"column":3}},"10":{"start":{"line":31,"column":2},"end":{"line":43,"column":3}},"11":{"start":{"line":32,"column":22},"end":{"line":32,"column":66}},"12":{"start":{"line":33,"column":4},"end":{"line":36,"column":5}},"13":{"start":{"line":34,"column":19},"end":{"line":34,"column":53}},"14":{"start":{"line":34,"column":45},"end":{"line":34,"column":52}},"15":{"start":{"line":35,"column":6},"end":{"line":35,"column":38}},"16":{"start":{"line":38,"column":17},"end":{"line":38,"column":46}},"17":{"start":{"line":39,"column":18},"end":{"line":39,"column":35}},"18":{"start":{"line":40,"column":4},"end":{"line":40,"column":49}},"19":{"start":{"line":42,"column":4},"end":{"line":42,"column":21}},"20":{"start":{"line":54,"column":0},"end":{"line":61,"column":3}},"21":{"start":{"line":55,"column":2},"end":{"line":60,"column":3}},"22":{"start":{"line":56,"column":18},"end":{"line":56,"column":38}},"23":{"start":{"line":57,"column":4},"end":{"line":57,"column":31}},"24":{"start":{"line":59,"column":4},"end":{"line":59,"column":21}},"25":{"start":{"line":71,"column":0},"end":{"line":78,"column":3}},"26":{"start":{"line":72,"column":2},"end":{"line":77,"column":3}},"27":{"start":{"line":73,"column":17},"end":{"line":73,"column":52}},"28":{"start":{"line":74,"column":4},"end":{"line":74,"column":30}},"29":{"start":{"line":76,"column":4},"end":{"line":76,"column":21}},"30":{"start":{"line":91,"column":0},"end":{"line":104,"column":3}},"31":{"start":{"line":92,"column":2},"end":{"line":103,"column":3}},"32":{"start":{"line":93,"column":22},"end":{"line":93,"column":69}},"33":{"start":{"line":94,"column":4},"end":{"line":97,"column":5}},"34":{"start":{"line":95,"column":19},"end":{"line":95,"column":53}},"35":{"start":{"line":95,"column":45},"end":{"line":95,"column":52}},"36":{"start":{"line":96,"column":6},"end":{"line":96,"column":38}},"37":{"start":{"line":99,"column":17},"end":{"line":99,"column":65}},"38":{"start":{"line":100,"column":4},"end":{"line":100,"column":30}},"39":{"start":{"line":102,"column":4},"end":{"line":102,"column":21}},"40":{"start":{"line":112,"column":0},"end":{"line":119,"column":3}},"41":{"start":{"line":113,"column":2},"end":{"line":118,"column":3}},"42":{"start":{"line":114,"column":4},"end":{"line":114,"column":43}},"43":{"start":{"line":115,"column":4},"end":{"line":115,"column":54}},"44":{"start":{"line":117,"column":4},"end":{"line":117,"column":21}},"45":{"start":{"line":120,"column":0},"end":{"line":130,"column":2}},"46":{"start":{"line":121,"column":0},"end":{"line":121,"column":23}},"47":{"start":{"line":122,"column":23},"end":{"line":122,"column":33}},"48":{"start":{"line":123,"column":0},"end":{"line":123,"column":27}},"49":{"start":{"line":124,"column":0},"end":{"line":129,"column":3}},"50":{"start":{"line":124,"column":23},"end":{"line":124,"column":53}},"51":{"start":{"line":125,"column":2},"end":{"line":125,"column":25}},"52":{"start":{"line":126,"column":2},"end":{"line":126,"column":74}},"53":{"start":{"line":128,"column":4},"end":{"line":128,"column":11}},"54":{"start":{"line":133,"column":0},"end":{"line":133,"column":24}}},"fnMap":{"0":{"name":"(anonymous_0)","decl":{"start":{"line":30,"column":37},"end":{"line":30,"column":38}},"loc":{"start":{"line":30,"column":69},"end":{"line":44,"column":1}},"line":30},"1":{"name":"(anonymous_1)","decl":{"start":{"line":34,"column":40},"end":{"line":34,"column":41}},"loc":{"start":{"line":34,"column":45},"end":{"line":34,"column":52}},"line":34},"2":{"name":"(anonymous_2)","decl":{"start":{"line":54,"column":36},"end":{"line":54,"column":37}},"loc":{"start":{"line":54,"column":68},"end":{"line":61,"column":1}},"line":54},"3":{"name":"(anonymous_3)","decl":{"start":{"line":71,"column":45},"end":{"line":71,"column":46}},"loc":{"start":{"line":71,"column":77},"end":{"line":78,"column":1}},"line":71},"4":{"name":"(anonymous_4)","decl":{"start":{"line":91,"column":47},"end":{"line":91,"column":48}},"loc":{"start":{"line":91,"column":79},"end":{"line":104,"column":1}},"line":91},"5":{"name":"(anonymous_5)","decl":{"start":{"line":95,"column":40},"end":{"line":95,"column":41}},"loc":{"start":{"line":95,"column":45},"end":{"line":95,"column":52}},"line":95},"6":{"name":"(anonymous_6)","decl":{"start":{"line":112,"column":48},"end":{"line":112,"column":49}},"loc":{"start":{"line":112,"column":80},"end":{"line":119,"column":1}},"line":112},"7":{"name":"(anonymous_7)","decl":{"start":{"line":120,"column":35},"end":{"line":120,"column":36}},"loc":{"start":{"line":120,"column":65},"end":{"line":130,"column":1}},"line":120}},"branchMap":{"0":{"loc":{"start":{"line":33,"column":4},"end":{"line":36,"column":5}},"type":"if","locations":[{"start":{"line":33,"column":4},"end":{"line":36,"column":5}},{"start":{},"end":{}}],"line":33},"1":{"loc":{"start":{"line":94,"column":4},"end":{"line":97,"column":5}},"type":"if","locations":[{"start":{"line":94,"column":4},"end":{"line":97,"column":5}},{"start":{},"end":{}}],"line":94}},"s":{"0":4,"1":4,"2":4,"3":4,"4":4,"5":4,"6":4,"7":4,"8":4,"9":4,"10":0,"11":0,"12":0,"13":0,"14":0,"15":0,"16":0,"17":0,"18":0,"19":0,"20":4,"21":0,"22":0,"23":0,"24":0,"25":4,"26":0,"27":0,"28":0,"29":0,"30":4,"31":0,"32":0,"33":0,"34":0,"35":0,"36":0,"37":0,"38":0,"39":0,"40":4,"41":0,"42":0,"43":0,"44":0,"45":4,"46":0,"47":0,"48":0,"49":0,"50":0,"51":0,"52":0,"53":0,"54":4},"f":{"0":0,"1":0,"2":0,"3":0,"4":0,"5":0,"6":0,"7":0},"b":{"0":[0,0],"1":[0,0]},"_coverageSchema":"1a1c01bbd47fc00a2c39e90264f33305004495a9","hash":"299f31775c0e06f3d3bb1085e43032d8d904ae4a"}
}
