TN:
SF:app.js
FN:35,(anonymous_0)
FN:40,(anonymous_1)
FNF:2
FNH:2
FNDA:2,(anonymous_0)
FNDA:8,(anonymous_1)
DA:5,4
DA:6,4
DA:8,4
DA:10,4
DA:11,4
DA:12,4
DA:13,4
DA:14,4
DA:16,4
DA:19,4
DA:21,4
DA:22,4
DA:23,4
DA:25,4
DA:26,4
DA:28,4
DA:29,4
DA:30,4
DA:31,4
DA:35,4
DA:36,2
DA:40,4
DA:41,8
DA:42,8
DA:43,8
DA:45,8
DA:50,4
LF:27
LH:27
BRDA:41,0,0,1
BRDA:41,0,1,7
BRDA:42,1,0,8
BRDA:42,1,1,0
BRF:4
BRH:3
end_of_record
TN:
SF:config.js
FN:13,getDatabaseUri
FNF:1
FNH:1
FNDA:18,getDatabaseUri
DA:5,9
DA:6,9
DA:8,9
DA:10,9
DA:14,18
DA:22,9
DA:24,9
DA:25,9
DA:26,9
DA:27,9
DA:28,9
DA:29,9
DA:31,9
LF:13
LH:13
BRDA:8,0,0,9
BRDA:8,0,1,8
BRDA:10,1,0,9
BRDA:10,1,1,8
BRDA:14,2,0,15
BRDA:14,2,1,3
BRDA:16,3,0,3
BRDA:16,3,1,1
BRDA:22,4,0,8
BRDA:22,4,1,1
BRF:10
BRH:10
end_of_record
TN:
SF:db.js
FNF:0
FNH:0
DA:3,6
DA:4,6
DA:8,6
DA:9,0
DA:16,6
DA:21,6
DA:23,6
LF:7
LH:6
BRDA:8,0,0,0
BRDA:8,0,1,6
BRF:2
BRH:1
end_of_record
TN:
SF:expressError.js
FN:8,(anonymous_0)
FN:18,(anonymous_1)
FN:26,(anonymous_2)
FN:34,(anonymous_3)
FN:42,(anonymous_4)
FNF:5
FNH:4
FNDA:16,(anonymous_0)
FNDA:5,(anonymous_1)
FNDA:3,(anonymous_2)
FNDA:8,(anonymous_3)
FNDA:0,(anonymous_4)
DA:9,16
DA:10,16
DA:11,16
DA:19,5
DA:27,3
DA:35,8
DA:43,0
DA:47,8
LF:8
LH:7
BRDA:18,0,0,2
BRDA:26,1,0,1
BRDA:34,2,0,0
BRDA:42,3,0,0
BRF:4
BRH:2
end_of_record
TN:
SF:helpers/sql.js
FN:11,sqlForPartialUpdate
FN:19,(anonymous_1)
FNF:2
FNH:2
FNDA:10,sqlForPartialUpdate
FNDA:16,(anonymous_1)
DA:1,7
DA:12,10
DA:13,3
DA:15,7
DA:16,7
DA:19,6
DA:20,16
DA:23,6
DA:29,7
LF:9
LH:9
BRDA:12,0,0,3
BRDA:12,0,1,7
BRDA:12,1,0,10
BRDA:12,1,1,10
BRDA:12,1,2,9
BRDA:12,1,3,7
BRDA:16,2,0,1
BRDA:16,2,1,6
BRDA:20,3,0,16
BRDA:20,3,1,7
BRF:10
BRH:10
end_of_record
TN:
SF:helpers/tokens.js
FN:6,createToken
FNF:1
FNH:1
FNDA:8,createToken
DA:1,5
DA:2,5
DA:7,8
DA:10,8
DA:15,8
DA:18,5
LF:6
LH:6
BRDA:12,0,0,8
BRDA:12,0,1,7
BRF:2
BRH:2
end_of_record
TN:
SF:middleware/auth.js
FN:19,authenticateJWT
FN:37,ensureLoggedIn
FN:49,isValidatedChecker
FNF:3
FNH:2
FNDA:13,authenticateJWT
FNDA:2,ensureLoggedIn
FNDA:0,isValidatedChecker
DA:6,5
DA:7,5
DA:8,5
DA:9,5
DA:20,13
DA:21,13
DA:22,13
DA:23,2
DA:24,2
DA:26,12
DA:28,1
DA:38,2
DA:40,2
DA:41,1
DA:43,1
DA:50,0
DA:51,0
DA:54,0
DA:55,0
DA:56,0
DA:57,0
DA:58,0
DA:59,0
DA:61,0
DA:62,0
DA:63,0
DA:64,0
DA:66,0
DA:69,0
DA:70,0
DA:72,0
DA:77,5
LF:32
LH:16
BRDA:21,0,0,13
BRDA:21,0,1,12
BRDA:22,1,0,2
BRDA:22,1,1,11
BRDA:40,2,0,1
BRDA:40,2,1,1
BRDA:55,3,0,0
BRDA:55,3,1,0
BRDA:59,4,0,0
BRDA:59,4,1,0
BRDA:61,5,0,0
BRDA:61,5,1,0
BRDA:63,6,0,0
BRDA:63,6,1,0
BRDA:69,7,0,0
BRDA:69,7,1,0
BRF:16
BRH:6
end_of_record
TN:
SF:models/_testCommon.js
FN:6,commonBeforeAll
FN:33,commonBeforeEach
FN:37,commonAfterEach
FN:41,commonAfterAll
FNF:4
FNH:4
FNDA:2,commonBeforeAll
FNDA:11,commonBeforeEach
FNDA:26,commonAfterEach
FNDA:2,commonAfterAll
DA:1,2
DA:3,2
DA:4,2
DA:8,2
DA:10,2
DA:12,2
DA:18,1
DA:34,11
DA:38,26
DA:42,2
DA:46,2
LF:11
LH:11
BRF:0
BRH:0
end_of_record
TN:
SF:models/company.js
FN:19,(anonymous_0)
FN:53,(anonymous_1)
FN:73,(anonymous_2)
FN:103,(anonymous_3)
FN:133,(anonymous_4)
FNF:5
FNH:5
FNDA:10,(anonymous_0)
FNDA:1,(anonymous_1)
FNDA:2,(anonymous_2)
FNDA:4,(anonymous_3)
FNDA:2,(anonymous_4)
DA:3,5
DA:4,5
DA:5,5
DA:20,10
DA:21,10
DA:27,10
DA:28,2
DA:30,8
DA:43,8
DA:45,8
DA:54,1
DA:62,1
DA:74,2
DA:84,2
DA:86,2
DA:88,1
DA:104,4
DA:110,3
DA:112,3
DA:120,3
DA:121,3
DA:123,3
DA:125,2
DA:134,2
DA:140,2
DA:142,2
DA:147,5
LF:27
LH:27
BRDA:27,0,0,2
BRDA:27,0,1,8
BRDA:86,1,0,1
BRDA:86,1,1,1
BRDA:123,2,0,1
BRDA:123,2,1,2
BRDA:142,3,0,1
BRDA:142,3,1,1
BRF:8
BRH:8
end_of_record
TN:
SF:models/jobs.js
FN:19,(anonymous_0)
FN:47,(anonymous_1)
FN:66,(anonymous_2)
FN:95,(anonymous_3)
FN:125,(anonymous_4)
FNF:5
FNH:0
FNDA:0,(anonymous_0)
FNDA:0,(anonymous_1)
FNDA:0,(anonymous_2)
FNDA:0,(anonymous_3)
FNDA:0,(anonymous_4)
DA:3,4
DA:4,4
DA:5,4
DA:20,0
DA:21,0
DA:27,0
DA:28,0
DA:30,0
DA:37,0
DA:39,0
DA:48,0
DA:55,0
DA:67,0
DA:76,0
DA:78,0
DA:80,0
DA:96,0
DA:103,0
DA:105,0
DA:112,0
DA:113,0
DA:115,0
DA:117,0
DA:126,0
DA:132,0
DA:134,0
DA:139,4
LF:27
LH:4
BRDA:27,0,0,0
BRDA:27,0,1,0
BRDA:78,1,0,0
BRDA:78,1,1,0
BRDA:115,2,0,0
BRDA:115,2,1,0
BRDA:134,3,0,0
BRDA:134,3,1,0
BRF:8
BRH:0
end_of_record
TN:
SF:models/user.js
FN:26,(anonymous_0)
FN:61,(anonymous_1)
FN:106,(anonymous_2)
FN:128,(anonymous_3)
FN:142,(anonymous_4)
FN:167,(anonymous_5)
FN:200,(anonymous_6)
FN:212,(anonymous_7)
FNF:8
FNH:2
FNDA:3,(anonymous_0)
FNDA:5,(anonymous_1)
FNDA:0,(anonymous_2)
FNDA:0,(anonymous_3)
FNDA:0,(anonymous_4)
FNDA:0,(anonymous_5)
FNDA:0,(anonymous_6)
FNDA:0,(anonymous_7)
DA:3,5
DA:4,5
DA:5,5
DA:10,5
DA:12,5
DA:13,5
DA:14,5
DA:28,3
DA:40,3
DA:42,3
DA:44,2
DA:45,2
DA:46,1
DA:47,1
DA:51,2
DA:63,5
DA:70,5
DA:71,1
DA:74,4
DA:76,4
DA:96,4
DA:98,4
DA:107,0
DA:117,0
DA:129,0
DA:139,0
DA:140,0
DA:141,0
DA:142,0
DA:143,0
DA:144,0
DA:145,0
DA:147,0
DA:168,0
DA:169,0
DA:172,0
DA:179,0
DA:181,0
DA:189,0
DA:190,0
DA:192,0
DA:194,0
DA:195,0
DA:201,0
DA:208,0
DA:210,0
DA:213,0
DA:216,0
DA:221,0
DA:234,5
LF:50
LH:23
BRDA:42,0,0,2
BRDA:42,0,1,1
BRDA:45,1,0,1
BRDA:45,1,1,1
BRDA:70,2,0,1
BRDA:70,2,1,4
BRDA:145,3,0,0
BRDA:145,3,1,0
BRDA:168,4,0,0
BRDA:168,4,1,0
BRDA:192,5,0,0
BRDA:192,5,1,0
BRDA:210,6,0,0
BRDA:210,6,1,0
BRF:14
BRH:6
end_of_record
TN:
SF:routes/_testCommon.js
FN:8,commonBeforeAll
FN:65,commonBeforeEach
FN:69,commonAfterEach
FN:73,commonAfterAll
FNF:4
FNH:4
FNDA:3,commonBeforeAll
FNDA:8,commonBeforeEach
FNDA:47,commonAfterEach
FNDA:3,commonAfterAll
DA:3,3
DA:4,3
DA:5,3
DA:6,3
DA:10,3
DA:12,3
DA:14,3
DA:22,2
DA:30,2
DA:39,2
DA:47,1
DA:55,1
DA:66,8
DA:70,47
DA:74,3
DA:78,3
DA:81,3
LF:17
LH:17
BRF:0
BRH:0
end_of_record
TN:
SF:routes/auth.js
FN:22,(anonymous_0)
FN:26,(anonymous_1)
FN:49,(anonymous_2)
FN:53,(anonymous_3)
FNF:4
FNH:4
FNDA:5,(anonymous_0)
FNDA:2,(anonymous_1)
FNDA:3,(anonymous_2)
FNDA:5,(anonymous_3)
DA:5,4
DA:7,4
DA:8,4
DA:9,4
DA:10,4
DA:11,4
DA:12,4
DA:13,4
DA:22,4
DA:23,5
DA:24,5
DA:25,5
DA:26,2
DA:27,2
DA:30,3
DA:31,3
DA:32,1
DA:33,1
DA:35,4
DA:49,4
DA:50,3
DA:51,3
DA:52,3
DA:53,5
DA:54,2
DA:57,1
DA:58,1
DA:59,1
DA:61,2
DA:66,4
LF:30
LH:30
BRDA:25,0,0,2
BRDA:25,0,1,3
BRDA:52,1,0,2
BRDA:52,1,1,1
BRF:4
BRH:4
end_of_record
TN:
SF:routes/companies.js
FN:28,(anonymous_0)
FN:33,(anonymous_1)
FN:60,(anonymous_2)
FN:121,(anonymous_3)
FN:147,(anonymous_4)
FN:151,(anonymous_5)
FN:167,(anonymous_6)
FNF:7
FNH:0
FNDA:0,(anonymous_0)
FNDA:0,(anonymous_1)
FNDA:0,(anonymous_2)
FNDA:0,(anonymous_3)
FNDA:0,(anonymous_4)
FNDA:0,(anonymous_5)
FNDA:0,(anonymous_6)
DA:5,4
DA:6,4
DA:8,4
DA:9,4
DA:10,4
DA:11,4
DA:13,4
DA:14,4
DA:16,4
DA:28,4
DA:29,0
DA:30,0
DA:31,0
DA:32,0
DA:33,0
DA:34,0
DA:36,0
DA:37,0
DA:38,0
DA:40,0
DA:60,4
DA:61,0
DA:62,0
DA:63,0
DA:64,0
DA:66,0
DA:67,0
DA:69,0
DA:70,0
DA:72,0
DA:73,0
DA:74,0
DA:75,0
DA:76,0
DA:78,0
DA:79,0
DA:80,0
DA:81,0
DA:84,0
DA:86,0
DA:87,0
DA:88,0
DA:89,0
DA:92,0
DA:94,0
DA:95,0
DA:96,0
DA:97,0
DA:100,0
DA:101,0
DA:102,0
DA:103,0
DA:107,0
DA:109,0
DA:121,4
DA:122,0
DA:123,0
DA:124,0
DA:125,0
DA:126,0
DA:129,0
DA:132,0
DA:147,4
DA:148,0
DA:149,0
DA:150,0
DA:151,0
DA:152,0
DA:155,0
DA:156,0
DA:158,0
DA:167,4
DA:168,0
DA:169,0
DA:170,0
DA:172,0
DA:177,4
LF:77
LH:15
BRDA:32,0,0,0
BRDA:32,0,1,0
BRDA:66,1,0,0
BRDA:66,1,1,0
BRDA:66,2,0,0
BRDA:66,2,1,0
BRDA:66,2,2,0
BRDA:69,3,0,0
BRDA:69,3,1,0
BRDA:76,4,0,0
BRDA:76,4,1,0
BRDA:79,5,0,0
BRDA:79,5,1,0
BRDA:84,6,0,0
BRDA:84,6,1,0
BRDA:87,7,0,0
BRDA:87,7,1,0
BRDA:92,8,0,0
BRDA:92,8,1,0
BRDA:95,9,0,0
BRDA:95,9,1,0
BRDA:101,10,0,0
BRDA:101,10,1,0
BRDA:150,11,0,0
BRDA:150,11,1,0
BRF:25
BRH:0
end_of_record
TN:
SF:routes/jobs.js
FN:21,(anonymous_0)
FN:87,(anonymous_1)
FN:93,(anonymous_2)
FN:103,(anonymous_3)
FN:113,(anonymous_4)
FNF:5
FNH:0
FNDA:0,(anonymous_0)
FNDA:0,(anonymous_1)
FNDA:0,(anonymous_2)
FNDA:0,(anonymous_3)
FNDA:0,(anonymous_4)
DA:5,4
DA:6,4
DA:8,4
DA:9,4
DA:10,4
DA:11,4
DA:12,4
DA:17,4
DA:21,4
DA:23,0
DA:24,0
DA:28,0
DA:30,0
DA:31,0
DA:33,0
DA:34,0
DA:35,0
DA:36,0
DA:38,0
DA:41,0
DA:42,0
DA:44,0
DA:50,0
DA:51,0
DA:53,0
DA:55,0
DA:60,0
DA:61,0
DA:62,0
DA:64,0
DA:66,0
DA:71,0
DA:72,0
DA:73,0
DA:74,0
DA:81,0
DA:87,4
DA:89,0
DA:93,4
DA:95,0
DA:96,0
DA:99,0
DA:103,4
DA:104,0
DA:105,0
DA:106,0
DA:109,0
DA:113,4
DA:114,0
DA:116,0
DA:125,4
LF:51
LH:14
BRDA:30,0,0,0
BRDA:30,0,1,0
BRDA:30,1,0,0
BRDA:30,1,1,0
BRDA:30,1,2,0
BRDA:38,2,0,0
BRDA:38,2,1,0
BRDA:42,3,0,0
BRDA:42,3,1,0
BRDA:50,4,0,0
BRDA:50,4,1,0
BRDA:53,5,0,0
BRDA:53,5,1,0
BRDA:60,6,0,0
BRDA:60,6,1,0
BRDA:62,7,0,0
BRDA:62,7,1,0
BRDA:64,8,0,0
BRDA:64,8,1,0
BRDA:71,9,0,0
BRDA:71,9,1,0
BRDA:72,10,0,0
BRDA:72,10,1,0
BRF:23
BRH:0
end_of_record
TN:
SF:routes/users.js
FN:30,(anonymous_0)
FN:34,(anonymous_1)
FN:54,(anonymous_2)
FN:71,(anonymous_3)
FN:91,(anonymous_4)
FN:95,(anonymous_5)
FN:112,(anonymous_6)
FN:120,(anonymous_7)
FNF:8
FNH:0
FNDA:0,(anonymous_0)
FNDA:0,(anonymous_1)
FNDA:0,(anonymous_2)
FNDA:0,(anonymous_3)
FNDA:0,(anonymous_4)
FNDA:0,(anonymous_5)
FNDA:0,(anonymous_6)
FNDA:0,(anonymous_7)
DA:5,4
DA:7,4
DA:8,4
DA:9,4
DA:10,4
DA:11,4
DA:12,4
DA:13,4
DA:15,4
DA:30,4
DA:31,0
DA:32,0
DA:33,0
DA:34,0
DA:35,0
DA:38,0
DA:39,0
DA:40,0
DA:42,0
DA:54,4
DA:55,0
DA:56,0
DA:57,0
DA:59,0
DA:71,4
DA:72,0
DA:73,0
DA:74,0
DA:76,0
DA:91,4
DA:92,0
DA:93,0
DA:94,0
DA:95,0
DA:96,0
DA:99,0
DA:100,0
DA:102,0
DA:112,4
DA:113,0
DA:114,0
DA:115,0
DA:117,0
DA:120,4
DA:121,0
DA:122,0
DA:123,0
DA:124,0
DA:125,0
DA:126,0
DA:128,0
DA:133,4
LF:52
LH:16
BRDA:33,0,0,0
BRDA:33,0,1,0
BRDA:94,1,0,0
BRDA:94,1,1,0
BRF:4
BRH:0
end_of_record
